#
# A fatal error has been detected by the Java Runtime Environment:
#
#  EXCEPTION_ACCESS_VIOLATION (0xc0000005) at pc=0x6d413c22, pid=6300, tid=6896
#
# JRE version: 6.0_17-b04
# Java VM: Java HotSpot(TM) Client VM (14.3-b01 mixed mode windows-x86 )
# Problematic frame:
# C  0x6d413c22
#
# If you would like to submit a bug report, please visit:
#   http://java.sun.com/webapps/bugreport/crash.jsp
# The crash happened outside the Java Virtual Machine in native code.
# See problematic frame for where to report the bug.
#

---------------  T H R E A D  ---------------

Current thread (0x07fbc800):  JavaThread "main" [_thread_in_native, id=6896, stack(0x03a60000,0x03c60000)]

siginfo: ExceptionCode=0xc0000005, reading address 0x00000001

Registers:
EAX=0x00000001, EBX=0x1a90e650, ECX=0x004090e8, EDX=0x03c5cd6c
ESP=0x03c5cd4c, EBP=0x03c5cd58, ESI=0x00000000, EDI=0x07fbc800
EIP=0x6d413c22, EFLAGS=0x00010246

Top of Stack: (sp=0x03c5cd4c)
0x03c5cd4c:   03c5cd6c 1a90e650 00000001 03c5cd98
0x03c5cd5c:   167a9e37 07fbc910 03c5cda0 10665d40
0x03c5cd6c:   00000000 07fbd0dc fffffffe 03c5cd78
0x03c5cd7c:   1a90e650 03c5cdac 1a916ca0 00000000
0x03c5cd8c:   1a90e650 00000000 03c5cda8 03c5cdd4
0x03c5cd9c:   167a2f07 1a9166f0 167a8286 10665d40
0x03c5cdac:   00000000 188312b0 03c5cdb4 1a90e5bf
0x03c5cdbc:   03c5cddc 1a916ca0 00000000 1a90e5d0 

Instructions: (pc=0x6d413c22)
0x6d413c12:   33 f6 85 c0 7c 3a 8b 45 fc 8d 55 14 52 89 75 14
0x6d413c22:   8b 08 50 ff 91 a0 00 00 00 85 c0 7c 1a 8b 75 14 


Stack: [0x03a60000,0x03c60000],  sp=0x03c5cd4c,  free space=2035k
Native frames: (J=compiled Java code, j=interpreted, Vv=VM code, C=native code)
C  0x6d413c22
j  sun.plugin2.main.server.IExplorerPlugin.getDocumentBase0(J)Ljava/lang/String;+0
j  sun.plugin2.main.server.IExplorerPlugin.getDocumentBase()Ljava/lang/String;+31
j  sun.plugin2.main.server.JVMInstance.startApplet(Ljava/util/Map;Lsun/plugin2/main/server/Plugin;JJZIZZ)Z+14
j  sun.plugin2.main.server.JVMManager.startAppletImpl(Ljava/util/Map;Lsun/plugin2/main/server/Plugin;JJZLjava/lang/String;ZIZ)Lsun/plugin2/main/server/AppletID;+240
j  sun.plugin2.main.server.JVMManager.startApplet(Ljava/util/Map;Lsun/plugin2/main/server/Plugin;JJZLjava/lang/String;)Lsun/plugin2/main/server/AppletID;+16
j  sun.plugin2.main.server.JVMManager.startApplet(Ljava/util/Map;Lsun/plugin2/main/server/Plugin;JJZ)Lsun/plugin2/main/server/AppletID;+19
j  sun.plugin2.main.server.IExplorerPlugin.maybeStartApplet()V+192
j  sun.plugin2.main.server.IExplorerPlugin.access$200(Lsun/plugin2/main/server/IExplorerPlugin;)V+1
j  sun.plugin2.main.server.IExplorerPlugin$BackgroundStarter$1.run()V+7
v  ~StubRoutines::call_stub
C  0x6d8ecf9c
C  0x6d9741d1
C  0x6d8ed01d
C  0x6d8f5e2f
C  0x6d8f8c27
C  0x6d4117a5
C  0x6d4181fe
C  0x6d4176f5
C  [USER32.dll+0x16238]
C  [USER32.dll+0x168ea]
C  [USER32.dll+0x20ab0]
C  [USER32.dll+0x20ad6]
C  [GoogleToolbarDynamic_32_D1B8F90352BD52A9.dll+0x49cf8]
C  [GoogleToolbarDynamic_32_D1B8F90352BD52A9.dll+0x13acda]
C  [USER32.dll+0x16238]
C  [USER32.dll+0x168ea]
C  [USER32.dll+0x17d31]
C  [USER32.dll+0x17dfa]
C  [IEFRAME.dll+0xf1acc]
C  [IEFRAME.dll+0x111986]
C  [iertutil.dll+0x140150]
C  [IEFRAME.dll+0xffccb]
C  [kernel32.dll+0x13677]
C  [ntdll.dll+0x39f02]
C  [ntdll.dll+0x39ed5]

Java frames: (J=compiled Java code, j=interpreted, Vv=VM code)
j  sun.plugin2.main.server.IExplorerPlugin.getDocumentBase0(J)Ljava/lang/String;+0
j  sun.plugin2.main.server.IExplorerPlugin.getDocumentBase()Ljava/lang/String;+31
j  sun.plugin2.main.server.JVMInstance.startApplet(Ljava/util/Map;Lsun/plugin2/main/server/Plugin;JJZIZZ)Z+14
j  sun.plugin2.main.server.JVMManager.startAppletImpl(Ljava/util/Map;Lsun/plugin2/main/server/Plugin;JJZLjava/lang/String;ZIZ)Lsun/plugin2/main/server/AppletID;+240
j  sun.plugin2.main.server.JVMManager.startApplet(Ljava/util/Map;Lsun/plugin2/main/server/Plugin;JJZLjava/lang/String;)Lsun/plugin2/main/server/AppletID;+16
j  sun.plugin2.main.server.JVMManager.startApplet(Ljava/util/Map;Lsun/plugin2/main/server/Plugin;JJZ)Lsun/plugin2/main/server/AppletID;+19
j  sun.plugin2.main.server.IExplorerPlugin.maybeStartApplet()V+192
j  sun.plugin2.main.server.IExplorerPlugin.access$200(Lsun/plugin2/main/server/IExplorerPlugin;)V+1
j  sun.plugin2.main.server.IExplorerPlugin$BackgroundStarter$1.run()V+7
v  ~StubRoutines::call_stub

---------------  P R O C E S S  ---------------

Java Threads: ( => current thread )
  0x1eb1c400 JavaThread "JRE 1.6.0.17 Heartbeat Thread" [_thread_blocked, id=6936, stack(0x20a10000,0x20b10000)]
  0x1eb38000 JavaThread "JRE 1.6.0.17 Worker Thread" [_thread_blocked, id=1356, stack(0x208b0000,0x209b0000)]
  0x1eb37c00 JavaThread "JRE 1.6.0.17 Output Reader Thread" [_thread_in_native, id=7696, stack(0x20270000,0x20370000)]
  0x1eb37000 JavaThread "JRE 1.6.0.17 Output Reader Thread" [_thread_in_native, id=5860, stack(0x20790000,0x20890000)]
  0x1eb1fc00 JavaThread "Thread-0" [_thread_in_native, id=3780, stack(0x205e0000,0x206e0000)]
  0x1eb1ec00 JavaThread "Java Plug-In Pipe Worker Thread (Server-Side)" daemon [_thread_in_native, id=7124, stack(0x20380000,0x20480000)]
  0x0bec1400 JavaThread "traceMsgQueueThread" daemon [_thread_blocked, id=3164, stack(0x139d0000,0x13ad0000)]
  0x0beb4c00 JavaThread "Low Memory Detector" daemon [_thread_blocked, id=6908, stack(0x1e830000,0x1e930000)]
  0x0beaec00 JavaThread "CompilerThread0" daemon [_thread_blocked, id=6476, stack(0x13c90000,0x13d90000)]
  0x0beae000 JavaThread "Attach Listener" daemon [_thread_blocked, id=7104, stack(0x13b20000,0x13c20000)]
  0x0bea8400 JavaThread "Signal Dispatcher" daemon [_thread_blocked, id=7544, stack(0x13380000,0x13480000)]
  0x0be8a000 JavaThread "Finalizer" daemon [_thread_blocked, id=6624, stack(0x13680000,0x13780000)]
  0x0be88c00 JavaThread "Reference Handler" daemon [_thread_blocked, id=4976, stack(0x134d0000,0x135d0000)]
=>0x07fbc800 JavaThread "main" [_thread_in_native, id=6896, stack(0x03a60000,0x03c60000)]

Other Threads:
  0x0be86000 VMThread [stack: 0x13260000,0x13360000] [id=3696]
  0x0beb5800 WatcherThread [stack: 0x1e9b0000,0x1eab0000] [id=6328]

VM state:not at safepoint (normal execution)

VM Mutex/Monitor currently owned by a thread: None

Heap
 def new generation   total 960K, used 825K [0x187a0000, 0x188a0000, 0x18a10000)
  eden space 896K,  92% used [0x187a0000, 0x1886e7b8, 0x18880000)
  from space 64K,   0% used [0x18880000, 0x18880000, 0x18890000)
  to   space 64K,   0% used [0x18890000, 0x18890000, 0x188a0000)
 tenured generation   total 4096K, used 0K [0x18a10000, 0x18e10000, 0x1a7a0000)
   the space 4096K,   0% used [0x18a10000, 0x18a10000, 0x18a10200, 0x18e10000)
 compacting perm gen  total 12288K, used 3109K [0x1a7a0000, 0x1b3a0000, 0x1e7a0000)
   the space 12288K,  25% used [0x1a7a0000, 0x1aaa95a0, 0x1aaa9600, 0x1b3a0000)
No shared spaces configured.

Dynamic libraries:
0x011d0000 - 0x01288000 	C:\Program Files (x86)\Internet Explorer\iexplore.exe
0x77650000 - 0x777d0000 	C:\Windows\SysWOW64\ntdll.dll
0x76be0000 - 0x76ce0000 	C:\Windows\syswow64\kernel32.dll
0x75440000 - 0x75486000 	C:\Windows\syswow64\KERNELBASE.dll
0x75490000 - 0x75530000 	C:\Windows\syswow64\ADVAPI32.dll
0x76ce0000 - 0x76d8c000 	C:\Windows\syswow64\msvcrt.dll
0x75420000 - 0x75439000 	C:\Windows\SysWOW64\sechost.dll
0x75680000 - 0x75770000 	C:\Windows\syswow64\RPCRT4.dll
0x74d50000 - 0x74db0000 	C:\Windows\syswow64\SspiCli.dll
0x74d40000 - 0x74d4c000 	C:\Windows\syswow64\CRYPTBASE.dll
0x75770000 - 0x75870000 	C:\Windows\syswow64\USER32.dll
0x75390000 - 0x75420000 	C:\Windows\syswow64\GDI32.dll
0x75080000 - 0x7508a000 	C:\Windows\syswow64\LPK.dll
0x765e0000 - 0x7667d000 	C:\Windows\syswow64\USP10.dll
0x769f0000 - 0x76a47000 	C:\Windows\syswow64\SHLWAPI.dll
0x75990000 - 0x765d9000 	C:\Windows\syswow64\SHELL32.dll
0x74f20000 - 0x7507c000 	C:\Windows\syswow64\ole32.dll
0x75530000 - 0x75640000 	C:\Windows\syswow64\urlmon.dll
0x76b50000 - 0x76bdf000 	C:\Windows\syswow64\OLEAUT32.dll
0x76830000 - 0x769e6000 	C:\Windows\syswow64\iertutil.dll
0x76680000 - 0x7679a000 	C:\Windows\syswow64\WININET.dll
0x74f10000 - 0x74f13000 	C:\Windows\syswow64\Normaliz.dll
0x74eb0000 - 0x74f10000 	C:\Windows\system32\IMM32.DLL
0x74db0000 - 0x74e7c000 	C:\Windows\syswow64\MSCTF.dll
0x6a580000 - 0x6aec5000 	C:\Windows\system32\IEFRAME.dll
0x750f0000 - 0x750f5000 	C:\Windows\syswow64\PSAPI.DLL
0x71650000 - 0x7168c000 	C:\Windows\system32\OLEACC.dll
0x72fd0000 - 0x7316e000 	C:\Windows\WinSxS\x86_microsoft.windows.common-controls_6595b64144ccf1df_6.0.7600.16661_none_420fe3fa2b8113bd\comctl32.dll
0x76a50000 - 0x76acb000 	C:\Windows\syswow64\comdlg32.dll
0x705a0000 - 0x705d1000 	C:\Program Files (x86)\Internet Explorer\IEShims.dll
0x70900000 - 0x70980000 	C:\Windows\system32\uxtheme.dll
0x74650000 - 0x74658000 	C:\Windows\system32\Secur32.dll
0x74a90000 - 0x74a9b000 	C:\Windows\system32\profapi.dll
0x75640000 - 0x75675000 	C:\Windows\syswow64\WS2_32.dll
0x77620000 - 0x77626000 	C:\Windows\syswow64\NSI.dll
0x71ba0000 - 0x71be4000 	C:\Windows\system32\dnsapi.DLL
0x74760000 - 0x7477c000 	C:\Windows\system32\iphlpapi.DLL
0x74750000 - 0x74757000 	C:\Windows\system32\WINNSI.DLL
0x72fc0000 - 0x72fce000 	C:\Windows\system32\RpcRtRemote.dll
0x712d0000 - 0x712e3000 	C:\Windows\system32\dwmapi.dll
0x666c0000 - 0x67278000 	C:\Windows\system32\MSHTML.dll
0x74780000 - 0x74789000 	C:\Windows\system32\VERSION.dll
0x751f0000 - 0x7538d000 	C:\Windows\syswow64\setupapi.dll
0x751c0000 - 0x751e7000 	C:\Windows\syswow64\CFGMGR32.dll
0x76ad0000 - 0x76ae2000 	C:\Windows\syswow64\DEVOBJ.dll
0x704e0000 - 0x7059a000 	C:\Windows\system32\d2d1.dll
0x665b0000 - 0x666ba000 	C:\Windows\system32\DWrite.dll
0x70450000 - 0x704d3000 	C:\Windows\system32\dxgi.dll
0x74e80000 - 0x74ead000 	C:\Windows\syswow64\WINTRUST.dll
0x75870000 - 0x7598c000 	C:\Windows\syswow64\CRYPT32.dll
0x75090000 - 0x7509c000 	C:\Windows\syswow64\MSASN1.dll
0x70620000 - 0x7064c000 	C:\Windows\system32\d3d10_1.dll
0x66570000 - 0x665aa000 	C:\Windows\system32\d3d10_1core.dll
0x10000000 - 0x103d2000 	C:\Windows\system32\igd10umd32.dll
0x72f70000 - 0x72f86000 	C:\Windows\system32\CRYPTSP.dll
0x72ef0000 - 0x72f2b000 	C:\Windows\system32\rsaenh.dll
0x767a0000 - 0x76823000 	C:\Windows\syswow64\CLBCatQ.DLL
0x70650000 - 0x70682000 	C:\Program Files (x86)\Internet Explorer\ieproxy.dll
0x74a60000 - 0x74a81000 	C:\Windows\system32\ntmarta.dll
0x750a0000 - 0x750e5000 	C:\Windows\syswow64\WLDAP32.dll
0x747a0000 - 0x747eb000 	C:\Windows\system32\apphelp.dll
0x69d70000 - 0x69d9e000 	C:\Windows\system32\MLANG.dll
0x746f0000 - 0x74742000 	C:\Windows\system32\RASAPI32.dll
0x746d0000 - 0x746e5000 	C:\Windows\system32\rasman.dll
0x70a00000 - 0x70a0d000 	C:\Windows\system32\rtutils.dll
0x71450000 - 0x71456000 	C:\Windows\system32\sensapi.dll
0x71cd0000 - 0x71d0c000 	C:\Windows\system32\mswsock.dll
0x71cc0000 - 0x71cc5000 	C:\Windows\System32\wshtcpip.dll
0x71530000 - 0x71540000 	C:\Windows\system32\NLAapi.dll
0x714a0000 - 0x714a6000 	C:\Windows\system32\rasadhlp.dll
0x71bf0000 - 0x71bf6000 	C:\Windows\System32\wship6.dll
0x714b0000 - 0x714d5000 	C:\Program Files (x86)\Bonjour\mdnsNSP.dll
0x70a60000 - 0x70a98000 	C:\Windows\System32\fwpuclnt.dll
0x66370000 - 0x663c7000 	C:\Program Files (x86)\Google\Google Toolbar\GoogleToolbar_32.dll
0x74aa0000 - 0x74ab7000 	C:\Windows\system32\USERENV.dll
0x73170000 - 0x731f4000 	C:\Windows\WinSxS\x86_microsoft.windows.common-controls_6595b64144ccf1df_5.82.7600.16661_none_ebfb56996c72aefc\Comctl32.dll
0x69af0000 - 0x69b01000 	C:\Program Files (x86)\Common Files\Adobe\Acrobat\ActiveX\AcroIEHelperShim.dll
0x72dc0000 - 0x72e5b000 	C:\Windows\WinSxS\x86_microsoft.vc80.crt_1fc8b3b9a1e18e3b_8.0.50727.6195_none_d09154e044272b9a\MSVCR80.dll
0x72e60000 - 0x72ee7000 	C:\Windows\WinSxS\x86_microsoft.vc80.crt_1fc8b3b9a1e18e3b_8.0.50727.6195_none_d09154e044272b9a\MSVCP80.dll
0x70610000 - 0x70620000 	C:\Program Files (x86)\Common Files\Adobe\Acrobat\ActiveX\AcroIEHelper.dll
0x69130000 - 0x69149000 	C:\Program Files (x86)\Microsoft\Search Enhancement Pack\Search Helper\SearchHelper.dll
0x66340000 - 0x6636b000 	C:\Program Files (x86)\Microsoft\Search Enhancement Pack\Search Box Extension\SRCHBXEX.dll
0x66310000 - 0x66335000 	C:\Program Files (x86)\Microsoft\Search Enhancement Pack\SeaShadow\SEASHADO.dll
0x72d60000 - 0x72d67000 	C:\Windows\system32\WSOCK32.dll
0x748e0000 - 0x7493f000 	C:\Windows\system32\SXS.DLL
0x29500000 - 0x29567000 	C:\Program Files (x86)\Common Files\Microsoft Shared\Windows Live\WindowsLiveLogin.dll
0x27500000 - 0x2761a000 	C:\Program Files (x86)\Common Files\Microsoft Shared\Windows Live\msidcrl40.DLL
0x75190000 - 0x751ba000 	C:\Windows\syswow64\imagehlp.dll
0x70440000 - 0x70447000 	C:\Windows\system32\msiltcfg.dll
0x74320000 - 0x74560000 	C:\Windows\system32\msi.dll
0x70bc0000 - 0x70bf8000 	C:\Windows\system32\ncrypt.dll
0x70ba0000 - 0x70bb7000 	C:\Windows\system32\bcrypt.dll
0x70b60000 - 0x70b9d000 	C:\Windows\SysWOW64\bcryptprimitives.dll
0x72fa0000 - 0x72fb6000 	C:\Windows\system32\GPAPI.dll
0x06870000 - 0x068dc000 	C:\Program Files (x86)\Norton Internet Security\Engine\18.6.0.29\coIEPlg.dll
0x70ff0000 - 0x7107e000 	C:\Windows\WinSxS\x86_microsoft.vc90.crt_1fc8b3b9a1e18e3b_9.0.30729.6161_none_50934f2ebcb7eb57\MSVCP90.dll
0x70f40000 - 0x70fe3000 	C:\Windows\WinSxS\x86_microsoft.vc90.crt_1fc8b3b9a1e18e3b_9.0.30729.6161_none_50934f2ebcb7eb57\MSVCR90.dll
0x08e80000 - 0x08f28000 	C:\Program Files (x86)\Norton Internet Security\Engine\18.6.0.29\ccL100U.dll
0x69a40000 - 0x69ab6000 	C:\Windows\system32\RICHED20.DLL
0x69b40000 - 0x69b5c000 	C:\Windows\system32\cryptnet.dll
0x69b20000 - 0x69b35000 	C:\Windows\system32\Cabinet.dll
0x6fcf0000 - 0x6fcfe000 	C:\Windows\system32\DEVRTL.dll
0x661d0000 - 0x66303000 	C:\Windows\System32\msxml3.dll
0x07850000 - 0x0790b000 	C:\Program Files (x86)\Lenovo\Client Security Solution\tvtpwm_ie_com.dll
0x74ac0000 - 0x74acd000 	C:\Windows\system32\WTSAPI32.dll
0x74630000 - 0x74641000 	C:\Windows\system32\NETAPI32.dll
0x74620000 - 0x74629000 	C:\Windows\system32\netutils.dll
0x74600000 - 0x74619000 	C:\Windows\system32\srvcli.dll
0x745f0000 - 0x745ff000 	C:\Windows\system32\wkscli.dll
0x712c0000 - 0x712cf000 	C:\Windows\system32\SAMCLI.DLL
0x07ad0000 - 0x07c41000 	C:\Program Files (x86)\Lenovo\Client Security Solution\tvtpwm_interface.dll
0x6d440000 - 0x6d44c000 	C:\Program Files (x86)\Java\jre6\bin\jp2ssv.dll
0x7c340000 - 0x7c396000 	C:\Program Files (x86)\Java\jre6\bin\MSVCR71.dll
0x712f0000 - 0x713e5000 	C:\Windows\system32\PROPSYS.dll
0x65950000 - 0x65d8a000 	C:\Program Files (x86)\Google\Google Toolbar\Component\GoogleToolbarDynamic_32_D1B8F90352BD52A9.dll
0x71440000 - 0x71445000 	C:\Windows\system32\MSIMG32.dll
0x6ff50000 - 0x700e0000 	C:\Windows\WinSxS\x86_microsoft.windows.gdiplus_6595b64144ccf1df_1.1.7600.16385_none_72fc7cbf861225ca\gdiplus.dll
0x66070000 - 0x661c3000 	C:\Windows\system32\query.dll
0x65e80000 - 0x6606d000 	C:\Program Files (x86)\Google\Google Toolbar\Component\GoogleToolbarDynamic_mui_en_43C348BC2E93EB2B.dll
0x70e50000 - 0x70f3b000 	C:\Windows\system32\dbghelp.dll
0x71460000 - 0x71472000 	C:\Windows\system32\MPR.dll
0x65dd0000 - 0x65de4000 	C:\Windows\system32\asycfilt.dll
0x72f90000 - 0x72f98000 	C:\Windows\system32\credssp.dll
0x6fbb0000 - 0x6fbea000 	C:\Windows\SysWOW64\schannel.dll
0x65810000 - 0x6586b000 	c:\Program Files (x86)\Common Files\Microsoft Shared\VS7Debug\pdm.dll
0x65770000 - 0x657b2000 	c:\Program Files (x86)\Common Files\Microsoft Shared\VS7Debug\msdbg2.dll
0x65700000 - 0x6576c000 	C:\Windows\SysWOW64\ieapfltr.dll
0x65540000 - 0x656fb000 	C:\Windows\SysWOW64\jscript9.dll

VM Arguments:
jvm_args: -Xbootclasspath/a:C:\PROGRA~2\Java\jre6\lib\deploy.jar;C:\PROGRA~2\Java\jre6\lib\javaws.jar;C:\PROGRA~2\Java\jre6\lib\plugin.jar -Xmx32m -Djava.awt.headless=true -Dkernel.background.download=false -Dkernel.download.dialog=false -XX:MaxDirectMemorySize=64m 
java_command: <unknown>
Launcher Type: generic

Environment Variables:
CLASSPATH=.;C:\Program Files (x86)\Java\jre6\lib\ext\QTJava.zip
PATH=C:\Program Files (x86)\Internet Explorer;;C:\Windows\system32;C:\Windows;C:\Windows\System32\Wbem;C:\Windows\System32\WindowsPowerShell\v1.0\;C:\Program Files\Intel\WiFi\bin\;C:\Program Files\Common Files\Intel\WirelessCommon\;C:\Program Files\ThinkPad\Bluetooth Software\;C:\Program Files\ThinkPad\Bluetooth Software\syswow64;C:\Program Files (x86)\Common Files\Lenovo;C:\Program Files (x86)\Lenovo\Access Connections\;C:\Program Files\Common Files\Lenovo;C:\Program Files (x86)\Lenovo\Client Security Solution;C:\Program Files\Lenovo\Client Security Solution;c:\Program Files (x86)\Microsoft SQL Server\90\Tools\binn\;c:\Program Files (x86)\Microsoft SQL Server\100\Tools\Binn\;c:\Program Files\Microsoft SQL Server\100\Tools\Binn\;c:\Program Files\Microsoft SQL Server\100\DTS\Binn\;C:\Windows\Microsoft.NET\Framework64\v4.0.30319;C:\Program Files (x86)\QuickTime\QTSystem\
USERNAME=SK
OS=Windows_NT
PROCESSOR_IDENTIFIER=Intel64 Family 6 Model 37 Stepping 2, GenuineIntel



---------------  S Y S T E M  ---------------

OS: Windows 7 Build 7600 

CPU:total 4 (8 cores per cpu, 2 threads per core) family 6 model 37 stepping 2, cmov, cx8, fxsr, mmx, sse, sse2, sse3, ssse3, sse4.1, sse4.2, ht

Memory: 4k page, physical 3985972k(1320864k free), swap 4194303k(4194303k free)

vm_info: Java HotSpot(TM) Client VM (14.3-b01) for windows-x86 JRE (1.6.0_17-b04), built on Oct 11 2009 00:52:06 by "java_re" with MS VC++ 7.1

time: Mon Jul 04 15:40:40 2011
elapsed time: 1 seconds

