#
# A fatal error has been detected by the Java Runtime Environment:
#
#  EXCEPTION_ACCESS_VIOLATION (0xc0000005) at pc=0x04b33c22, pid=7000, tid=6972
#
# JRE version: 6.0_17-b04
# Java VM: Java HotSpot(TM) Client VM (14.3-b01 mixed mode windows-x86 )
# Problematic frame:
# C  0x04b33c22
#
# If you would like to submit a bug report, please visit:
#   http://java.sun.com/webapps/bugreport/crash.jsp
# The crash happened outside the Java Virtual Machine in native code.
# See problematic frame for where to report the bug.
#

---------------  T H R E A D  ---------------

Current thread (0x098cd800):  JavaThread "main" [_thread_in_native, id=6972, stack(0x1aac0000,0x1acc0000)]

siginfo: ExceptionCode=0xc0000005, reading address 0x00000001

Registers:
EAX=0x00000001, EBX=0x3487e650, ECX=0x15ccda50, EDX=0x1acbd1ec
ESP=0x1acbd1cc, EBP=0x1acbd1d8, ESI=0x00000000, EDI=0x098cd800
EIP=0x04b33c22, EFLAGS=0x00010246

Top of Stack: (sp=0x1acbd1cc)
0x1acbd1cc:   1acbd1ec 3487e650 00000001 1acbd218
0x1acbd1dc:   29579e37 098cd910 1acbd220 158c10b8
0x1acbd1ec:   00000000 098ce0e4 fffffffe 1acbd1f8
0x1acbd1fc:   3487e650 1acbd22c 34886ca0 00000000
0x1acbd20c:   3487e650 00000000 1acbd228 1acbd254
0x1acbd21c:   29572f07 348866f0 29578286 158c10b8
0x1acbd22c:   00000000 327a12b0 1acbd234 3487e5bf
0x1acbd23c:   1acbd25c 34886ca0 00000000 3487e5d0 

Instructions: (pc=0x04b33c22)
0x04b33c12:   33 f6 85 c0 7c 3a 8b 45 fc 8d 55 14 52 89 75 14
0x04b33c22:   8b 08 50 ff 91 a0 00 00 00 85 c0 7c 1a 8b 75 14 


Stack: [0x1aac0000,0x1acc0000],  sp=0x1acbd1cc,  free space=2036k
Native frames: (J=compiled Java code, j=interpreted, Vv=VM code, C=native code)
C  0x04b33c22
j  sun.plugin2.main.server.IExplorerPlugin.getDocumentBase0(J)Ljava/lang/String;+0
j  sun.plugin2.main.server.IExplorerPlugin.getDocumentBase()Ljava/lang/String;+31
j  sun.plugin2.main.server.JVMInstance.startApplet(Ljava/util/Map;Lsun/plugin2/main/server/Plugin;JJZIZZ)Z+14
j  sun.plugin2.main.server.JVMManager.startAppletImpl(Ljava/util/Map;Lsun/plugin2/main/server/Plugin;JJZLjava/lang/String;ZIZ)Lsun/plugin2/main/server/AppletID;+240
j  sun.plugin2.main.server.JVMManager.startApplet(Ljava/util/Map;Lsun/plugin2/main/server/Plugin;JJZLjava/lang/String;)Lsun/plugin2/main/server/AppletID;+16
j  sun.plugin2.main.server.JVMManager.startApplet(Ljava/util/Map;Lsun/plugin2/main/server/Plugin;JJZ)Lsun/plugin2/main/server/AppletID;+19
j  sun.plugin2.main.server.IExplorerPlugin.maybeStartApplet()V+192
j  sun.plugin2.main.server.IExplorerPlugin.access$200(Lsun/plugin2/main/server/IExplorerPlugin;)V+1
j  sun.plugin2.main.server.IExplorerPlugin$BackgroundStarter$1.run()V+7
v  ~StubRoutines::call_stub
C  0x2229cf9c
C  0x223241d1
C  0x2229d01d
C  0x222a5e2f
C  0x222a8c27
C  0x04b317a5
C  0x04b381fe
C  0x04b376f5
C  [USER32.dll+0x16238]
C  [USER32.dll+0x168ea]
C  [USER32.dll+0x20ab0]
C  [USER32.dll+0x20ad6]
C  [GoogleToolbarDynamic_32_A2EB2A337F922F1A.dll+0x4653b]
C  [GoogleToolbarDynamic_32_A2EB2A337F922F1A.dll+0x134d51]
C  [USER32.dll+0x16238]
C  [USER32.dll+0x168ea]
C  [USER32.dll+0x17d31]
C  [USER32.dll+0x17dfa]
C  [IEFRAME.dll+0xf1b83]
C  [IEFRAME.dll+0x111ac6]
C  [iertutil.dll+0x140150]
C  [IEFRAME.dll+0xffe03]
C  [kernel32.dll+0x13677]
C  [ntdll.dll+0x39f02]
C  [ntdll.dll+0x39ed5]

Java frames: (J=compiled Java code, j=interpreted, Vv=VM code)
j  sun.plugin2.main.server.IExplorerPlugin.getDocumentBase0(J)Ljava/lang/String;+0
j  sun.plugin2.main.server.IExplorerPlugin.getDocumentBase()Ljava/lang/String;+31
j  sun.plugin2.main.server.JVMInstance.startApplet(Ljava/util/Map;Lsun/plugin2/main/server/Plugin;JJZIZZ)Z+14
j  sun.plugin2.main.server.JVMManager.startAppletImpl(Ljava/util/Map;Lsun/plugin2/main/server/Plugin;JJZLjava/lang/String;ZIZ)Lsun/plugin2/main/server/AppletID;+240
j  sun.plugin2.main.server.JVMManager.startApplet(Ljava/util/Map;Lsun/plugin2/main/server/Plugin;JJZLjava/lang/String;)Lsun/plugin2/main/server/AppletID;+16
j  sun.plugin2.main.server.JVMManager.startApplet(Ljava/util/Map;Lsun/plugin2/main/server/Plugin;JJZ)Lsun/plugin2/main/server/AppletID;+19
j  sun.plugin2.main.server.IExplorerPlugin.maybeStartApplet()V+192
j  sun.plugin2.main.server.IExplorerPlugin.access$200(Lsun/plugin2/main/server/IExplorerPlugin;)V+1
j  sun.plugin2.main.server.IExplorerPlugin$BackgroundStarter$1.run()V+7
v  ~StubRoutines::call_stub

---------------  P R O C E S S  ---------------

Java Threads: ( => current thread )
  0x0979e800 JavaThread "JRE 1.6.0.17 Heartbeat Thread" [_thread_blocked, id=7864, stack(0x286c0000,0x287c0000)]
  0x097a0400 JavaThread "JRE 1.6.0.17 Worker Thread" [_thread_blocked, id=6444, stack(0x28490000,0x28590000)]
  0x097a0000 JavaThread "JRE 1.6.0.17 Output Reader Thread" [_thread_in_native, id=1968, stack(0x28280000,0x28380000)]
  0x0979f800 JavaThread "JRE 1.6.0.17 Output Reader Thread" [_thread_in_native, id=6356, stack(0x27e00000,0x27f00000)]
  0x0979f400 JavaThread "Thread-0" [_thread_in_native, id=4508, stack(0x28070000,0x28170000)]
  0x0979ec00 JavaThread "Java Plug-In Pipe Worker Thread (Server-Side)" daemon [_thread_in_native, id=6300, stack(0x28170000,0x28270000)]
  0x0979e000 JavaThread "traceMsgQueueThread" daemon [_thread_blocked, id=540, stack(0x246c0000,0x247c0000)]
  0x09794400 JavaThread "Low Memory Detector" daemon [_thread_blocked, id=4688, stack(0x243a0000,0x244a0000)]
  0x09790000 JavaThread "CompilerThread0" daemon [_thread_blocked, id=7048, stack(0x27800000,0x27900000)]
  0x0978f000 JavaThread "Attach Listener" daemon [_thread_blocked, id=1456, stack(0x276c0000,0x277c0000)]
  0x09789400 JavaThread "Signal Dispatcher" daemon [_thread_blocked, id=5628, stack(0x24530000,0x24630000)]
  0x0976b000 JavaThread "Finalizer" daemon [_thread_blocked, id=6516, stack(0x24100000,0x24200000)]
  0x09769c00 JavaThread "Reference Handler" daemon [_thread_blocked, id=6124, stack(0x24280000,0x24380000)]
=>0x098cd800 JavaThread "main" [_thread_in_native, id=6972, stack(0x1aac0000,0x1acc0000)]

Other Threads:
  0x09767000 VMThread [stack: 0x23fe0000,0x240e0000] [id=4980]
  0x0979dc00 WatcherThread [stack: 0x27400000,0x27500000] [id=6436]

VM state:not at safepoint (normal execution)

VM Mutex/Monitor currently owned by a thread: None

Heap
 def new generation   total 960K, used 841K [0x32710000, 0x32810000, 0x32980000)
  eden space 896K,  93% used [0x32710000, 0x327e25d0, 0x327f0000)
  from space 64K,   0% used [0x327f0000, 0x327f0000, 0x32800000)
  to   space 64K,   0% used [0x32800000, 0x32800000, 0x32810000)
 tenured generation   total 4096K, used 0K [0x32980000, 0x32d80000, 0x34710000)
   the space 4096K,   0% used [0x32980000, 0x32980000, 0x32980200, 0x32d80000)
 compacting perm gen  total 12288K, used 3109K [0x34710000, 0x35310000, 0x38710000)
   the space 12288K,  25% used [0x34710000, 0x34a195a0, 0x34a19600, 0x35310000)
No shared spaces configured.

Dynamic libraries:
0x012f0000 - 0x013a8000 	C:\Program Files (x86)\Internet Explorer\iexplore.exe
0x77970000 - 0x77af0000 	C:\Windows\SysWOW64\ntdll.dll
0x76b70000 - 0x76c70000 	C:\Windows\syswow64\kernel32.dll
0x76a20000 - 0x76a66000 	C:\Windows\syswow64\KERNELBASE.dll
0x76f40000 - 0x76fe0000 	C:\Windows\syswow64\ADVAPI32.dll
0x76de0000 - 0x76e8c000 	C:\Windows\syswow64\msvcrt.dll
0x763b0000 - 0x763c9000 	C:\Windows\SysWOW64\sechost.dll
0x76170000 - 0x76260000 	C:\Windows\syswow64\RPCRT4.dll
0x75070000 - 0x750d0000 	C:\Windows\syswow64\SspiCli.dll
0x75060000 - 0x7506c000 	C:\Windows\syswow64\CRYPTBASE.dll
0x76c70000 - 0x76d70000 	C:\Windows\syswow64\USER32.dll
0x76630000 - 0x766c0000 	C:\Windows\syswow64\GDI32.dll
0x76620000 - 0x7662a000 	C:\Windows\syswow64\LPK.dll
0x76ea0000 - 0x76f3d000 	C:\Windows\syswow64\USP10.dll
0x763d0000 - 0x76427000 	C:\Windows\syswow64\SHLWAPI.dll
0x750d0000 - 0x75d19000 	C:\Windows\syswow64\SHELL32.dll
0x76430000 - 0x7658c000 	C:\Windows\syswow64\ole32.dll
0x76860000 - 0x76970000 	C:\Windows\syswow64\urlmon.dll
0x760e0000 - 0x7616f000 	C:\Windows\syswow64\OLEAUT32.dll
0x75d20000 - 0x75ed6000 	C:\Windows\syswow64\iertutil.dll
0x76290000 - 0x763aa000 	C:\Windows\syswow64\WININET.dll
0x76e90000 - 0x76e93000 	C:\Windows\syswow64\Normaliz.dll
0x76d80000 - 0x76de0000 	C:\Windows\system32\IMM32.DLL
0x76fe0000 - 0x770ac000 	C:\Windows\syswow64\MSCTF.dll
0x6d4f0000 - 0x6de35000 	C:\Windows\system32\IEFRAME.dll
0x76d70000 - 0x76d75000 	C:\Windows\syswow64\PSAPI.DLL
0x71970000 - 0x719ac000 	C:\Windows\system32\OLEACC.dll
0x732f0000 - 0x7348e000 	C:\Windows\WinSxS\x86_microsoft.windows.common-controls_6595b64144ccf1df_6.0.7600.16661_none_420fe3fa2b8113bd\comctl32.dll
0x76060000 - 0x760db000 	C:\Windows\syswow64\comdlg32.dll
0x62440000 - 0x62471000 	C:\Program Files (x86)\Internet Explorer\IEShims.dll
0x70e70000 - 0x70ef0000 	C:\Windows\system32\uxtheme.dll
0x73640000 - 0x73648000 	C:\Windows\system32\Secur32.dll
0x737d0000 - 0x737db000 	C:\Windows\system32\profapi.dll
0x76970000 - 0x769a5000 	C:\Windows\syswow64\WS2_32.dll
0x77940000 - 0x77946000 	C:\Windows\syswow64\NSI.dll
0x71d10000 - 0x71d54000 	C:\Windows\system32\dnsapi.DLL
0x73720000 - 0x7373c000 	C:\Windows\system32\iphlpapi.DLL
0x73710000 - 0x73717000 	C:\Windows\system32\WINNSI.DLL
0x732e0000 - 0x732ee000 	C:\Windows\system32\RpcRtRemote.dll
0x71450000 - 0x71463000 	C:\Windows\system32\dwmapi.dll
0x5ea20000 - 0x5f5d8000 	C:\Windows\system32\MSHTML.dll
0x73740000 - 0x73749000 	C:\Windows\system32\VERSION.dll
0x766c0000 - 0x7685d000 	C:\Windows\syswow64\setupapi.dll
0x76030000 - 0x76057000 	C:\Windows\syswow64\CFGMGR32.dll
0x76b50000 - 0x76b62000 	C:\Windows\syswow64\DEVOBJ.dll
0x61980000 - 0x61a3a000 	C:\Windows\system32\d2d1.dll
0x5e850000 - 0x5e95a000 	C:\Windows\system32\DWrite.dll
0x61a70000 - 0x61af3000 	C:\Windows\system32\dxgi.dll
0x73290000 - 0x732a6000 	C:\Windows\system32\CRYPTSP.dll
0x730e0000 - 0x7311b000 	C:\Windows\system32\rsaenh.dll
0x76a70000 - 0x76af3000 	C:\Windows\syswow64\CLBCatQ.DLL
0x76260000 - 0x7628d000 	C:\Windows\syswow64\WINTRUST.dll
0x75f10000 - 0x7602c000 	C:\Windows\syswow64\CRYPT32.dll
0x76a10000 - 0x76a1c000 	C:\Windows\syswow64\MSASN1.dll
0x61dd0000 - 0x61e02000 	C:\Program Files (x86)\Internet Explorer\ieproxy.dll
0x624b0000 - 0x624dc000 	C:\Windows\system32\d3d10_1.dll
0x61740000 - 0x6177a000 	C:\Windows\system32\d3d10_1core.dll
0x10000000 - 0x103d2000 	C:\Windows\system32\igd10umd32.dll
0x73750000 - 0x7379b000 	C:\Windows\system32\apphelp.dll
0x6cd30000 - 0x6cd5e000 	C:\Windows\system32\MLANG.dll
0x737a0000 - 0x737c1000 	C:\Windows\system32\ntmarta.dll
0x76b00000 - 0x76b45000 	C:\Windows\syswow64\WLDAP32.dll
0x736b0000 - 0x73702000 	C:\Windows\system32\RASAPI32.dll
0x73690000 - 0x736a5000 	C:\Windows\system32\rasman.dll
0x74e20000 - 0x74e2d000 	C:\Windows\system32\rtutils.dll
0x71750000 - 0x71756000 	C:\Windows\system32\sensapi.dll
0x71ff0000 - 0x7202c000 	C:\Windows\system32\mswsock.dll
0x71fe0000 - 0x71fe5000 	C:\Windows\System32\wshtcpip.dll
0x71a00000 - 0x71a10000 	C:\Windows\system32\NLAapi.dll
0x718e0000 - 0x718e6000 	C:\Windows\system32\rasadhlp.dll
0x71d60000 - 0x71d66000 	C:\Windows\System32\wship6.dll
0x718f0000 - 0x71915000 	C:\Program Files (x86)\Bonjour\mdnsNSP.dll
0x70ab0000 - 0x70ae8000 	C:\Windows\System32\fwpuclnt.dll
0x5e960000 - 0x5e9b4000 	C:\Program Files (x86)\Google\Google Toolbar\GoogleToolbar_32.dll
0x737e0000 - 0x737f7000 	C:\Windows\system32\USERENV.dll
0x73490000 - 0x73514000 	C:\Windows\WinSxS\x86_microsoft.windows.common-controls_6595b64144ccf1df_5.82.7600.16661_none_ebfb56996c72aefc\Comctl32.dll
0x61a50000 - 0x61a61000 	C:\Program Files (x86)\Common Files\Adobe\Acrobat\ActiveX\AcroIEHelperShim.dll
0x73120000 - 0x731bb000 	C:\Windows\WinSxS\x86_microsoft.vc80.crt_1fc8b3b9a1e18e3b_8.0.50727.4927_none_d08a205e442db5b5\MSVCR80.dll
0x731c0000 - 0x73247000 	C:\Windows\WinSxS\x86_microsoft.vc80.crt_1fc8b3b9a1e18e3b_8.0.50727.4927_none_d08a205e442db5b5\MSVCP80.dll
0x62430000 - 0x62440000 	C:\Program Files (x86)\Common Files\Adobe\Acrobat\ActiveX\AcroIEHelper.dll
0x62410000 - 0x62429000 	C:\Program Files (x86)\Microsoft\Search Enhancement Pack\Search Helper\SearchHelper.dll
0x5f790000 - 0x5f7bb000 	C:\Program Files (x86)\Microsoft\Search Enhancement Pack\Search Box Extension\SRCHBXEX.dll
0x73a70000 - 0x73a95000 	C:\Program Files (x86)\Microsoft\Search Enhancement Pack\SeaShadow\SEASHADO.dll
0x73080000 - 0x73087000 	C:\Windows\system32\WSOCK32.dll
0x70de0000 - 0x70e3f000 	C:\Windows\system32\SXS.DLL
0x29500000 - 0x29567000 	C:\Program Files (x86)\Common Files\Microsoft Shared\Windows Live\WindowsLiveLogin.dll
0x27500000 - 0x2761a000 	C:\Program Files (x86)\Common Files\Microsoft Shared\Windows Live\msidcrl40.DLL
0x75ee0000 - 0x75f0a000 	C:\Windows\syswow64\imagehlp.dll
0x07ce0000 - 0x07db3000 	C:\Program Files (x86)\Google\GoogleToolbarNotifier\5.6.6209.1142\swg.dll
0x74e50000 - 0x74e88000 	C:\Windows\system32\ncrypt.dll
0x74e30000 - 0x74e47000 	C:\Windows\system32\bcrypt.dll
0x70af0000 - 0x70b2d000 	C:\Windows\SysWOW64\bcryptprimitives.dll
0x6ab90000 - 0x6ab97000 	C:\Windows\system32\msiltcfg.dll
0x6f1c0000 - 0x6f400000 	C:\Windows\system32\msi.dll
0x732c0000 - 0x732d6000 	C:\Windows\system32\GPAPI.dll
0x67260000 - 0x672cb000 	C:\Program Files (x86)\Norton Internet Security\Engine\18.5.0.125\coIEPlg.dll
0x71850000 - 0x718de000 	C:\Windows\WinSxS\x86_microsoft.vc90.crt_1fc8b3b9a1e18e3b_9.0.30729.4974_none_50940634bcb759cb\MSVCP90.dll
0x717a0000 - 0x71843000 	C:\Windows\WinSxS\x86_microsoft.vc90.crt_1fc8b3b9a1e18e3b_9.0.30729.4974_none_50940634bcb759cb\MSVCR90.dll
0x6ae10000 - 0x6aeb8000 	C:\Program Files (x86)\Norton Internet Security\Engine\18.5.0.125\ccL100U.dll
0x5e610000 - 0x5e686000 	C:\Windows\system32\RICHED20.DLL
0x6d450000 - 0x6d46c000 	C:\Windows\system32\cryptnet.dll
0x6d430000 - 0x6d445000 	C:\Windows\system32\Cabinet.dll
0x703a0000 - 0x703ae000 	C:\Windows\system32\DEVRTL.dll
0x6cb30000 - 0x6cc63000 	C:\Windows\System32\msxml3.dll
0x07b80000 - 0x07c3b000 	C:\Program Files (x86)\Lenovo\Client Security Solution\tvtpwm_ie_com.dll
0x73800000 - 0x7380d000 	C:\Windows\system32\WTSAPI32.dll
0x73620000 - 0x73631000 	C:\Windows\system32\NETAPI32.dll
0x73610000 - 0x73619000 	C:\Windows\system32\netutils.dll
0x735f0000 - 0x73609000 	C:\Windows\system32\srvcli.dll
0x735e0000 - 0x735ef000 	C:\Windows\system32\wkscli.dll
0x70e50000 - 0x70e5f000 	C:\Windows\system32\SAMCLI.DLL
0x09380000 - 0x094f1000 	C:\Program Files (x86)\Lenovo\Client Security Solution\tvtpwm_interface.dll
0x03760000 - 0x0376c000 	C:\Program Files (x86)\Java\jre6\bin\jp2ssv.dll
0x7c340000 - 0x7c396000 	C:\Program Files (x86)\Java\jre6\bin\MSVCR71.dll
0x715e0000 - 0x716d5000 	C:\Windows\system32\PROPSYS.dll
0x5ddf0000 - 0x5e1f9000 	C:\Program Files (x86)\Google\Google Toolbar\Component\GoogleToolbarDynamic_32_A2EB2A337F922F1A.dll
0x71780000 - 0x71785000 	C:\Windows\system32\MSIMG32.dll
0x70900000 - 0x70a90000 	C:\Windows\WinSxS\x86_microsoft.windows.gdiplus_6595b64144ccf1df_1.1.7600.16385_none_72fc7cbf861225ca\gdiplus.dll
0x5e4b0000 - 0x5e603000 	C:\Windows\system32\query.dll
0x5e2e0000 - 0x5e4a9000 	C:\Program Files (x86)\Google\Google Toolbar\Component\GoogleToolbarDynamic_mui_en_D183CA64F05FDD98.dll
0x71330000 - 0x7141b000 	C:\Windows\system32\dbghelp.dll
0x71760000 - 0x71772000 	C:\Windows\system32\MPR.dll
0x61720000 - 0x61734000 	C:\Windows\system32\asycfilt.dll
0x732b0000 - 0x732b8000 	C:\Windows\system32\credssp.dll
0x6ccf0000 - 0x6cd2a000 	C:\Windows\SysWOW64\schannel.dll
0x5e240000 - 0x5e2ac000 	C:\Windows\SysWOW64\ieapfltr.dll
0x74fb0000 - 0x74fbb000 	C:\Windows\system32\msimtf.dll
0x719f0000 - 0x719f8000 	C:\Windows\System32\winrnr.dll

VM Arguments:
jvm_args: -Xbootclasspath/a:C:\PROGRA~2\Java\jre6\lib\deploy.jar;C:\PROGRA~2\Java\jre6\lib\javaws.jar;C:\PROGRA~2\Java\jre6\lib\plugin.jar -Xmx32m -Djava.awt.headless=true -Dkernel.background.download=false -Dkernel.download.dialog=false -XX:MaxDirectMemorySize=64m 
java_command: <unknown>
Launcher Type: generic

Environment Variables:
CLASSPATH=.;C:\Program Files (x86)\Java\jre6\lib\ext\QTJava.zip
PATH=C:\Program Files (x86)\Internet Explorer;;C:\Windows\system32;C:\Windows;C:\Windows\System32\Wbem;C:\Windows\System32\WindowsPowerShell\v1.0\;C:\Program Files\Intel\WiFi\bin\;C:\Program Files\Common Files\Intel\WirelessCommon\;C:\Program Files\ThinkPad\Bluetooth Software\;C:\Program Files\ThinkPad\Bluetooth Software\syswow64;C:\Program Files (x86)\Common Files\Lenovo;C:\Program Files (x86)\Lenovo\Access Connections\;C:\Program Files\Common Files\Lenovo;C:\Program Files (x86)\Lenovo\Client Security Solution;C:\Program Files\Lenovo\Client Security Solution;c:\Program Files (x86)\Microsoft SQL Server\90\Tools\binn\;c:\Program Files (x86)\Microsoft SQL Server\100\Tools\Binn\;c:\Program Files\Microsoft SQL Server\100\Tools\Binn\;c:\Program Files\Microsoft SQL Server\100\DTS\Binn\;C:\Windows\Microsoft.NET\Framework64\v4.0.30319;C:\Program Files (x86)\QuickTime\QTSystem\
USERNAME=SK
OS=Windows_NT
PROCESSOR_IDENTIFIER=Intel64 Family 6 Model 37 Stepping 2, GenuineIntel



---------------  S Y S T E M  ---------------

OS: Windows 7 Build 7600 

CPU:total 4 (8 cores per cpu, 2 threads per core) family 6 model 37 stepping 2, cmov, cx8, fxsr, mmx, sse, sse2, sse3, ssse3, sse4.1, sse4.2, ht

Memory: 4k page, physical 3985972k(1111468k free), swap 4194303k(4194303k free)

vm_info: Java HotSpot(TM) Client VM (14.3-b01) for windows-x86 JRE (1.6.0_17-b04), built on Oct 11 2009 00:52:06 by "java_re" with MS VC++ 7.1

time: Mon May 02 12:29:15 2011
elapsed time: 0 seconds

